[2025-05-22 19:53:12] [INFO    ] discord.client: logging in using static token
[2025-05-22 19:53:12] [DEBUG   ] discord.http: GET https://discord.com/api/v10/users/@me with None has returned 200
[2025-05-22 19:53:12] [DEBUG   ] discord.http: GET /users/@me has found its initial rate limit bucket hash (78bb8553d9352a5a2f89f9def401287a).
[2025-05-22 19:53:12] [DEBUG   ] discord.http: GET https://discord.com/api/v10/users/@me has received {'id': '1375060873558884442', 'username': 'VSCodeDcordPy', 'avatar': None, 'discriminator': '4045', 'public_flags': 0, 'flags': 0, 'bot': True, 'banner': None, 'accent_color': None, 'global_name': None, 'avatar_decoration_data': None, 'collectibles': None, 'banner_color': None, 'clan': None, 'primary_guild': None, 'mfa_enabled': True, 'locale': 'en-US', 'premium_type': 0, 'email': None, 'verified': True, 'bio': ''}
[2025-05-22 19:53:13] [DEBUG   ] discord.http: GET https://discord.com/api/v10/oauth2/applications/@me with None has returned 200
[2025-05-22 19:53:13] [DEBUG   ] discord.http: GET /oauth2/applications/@me has found its initial rate limit bucket hash (d28a133af187e91d71d96a223467ce49).
[2025-05-22 19:53:13] [DEBUG   ] discord.http: GET https://discord.com/api/v10/oauth2/applications/@me has received {'id': '1375060873558884442', 'name': 'VSCodeDcordPy', 'icon': None, 'description': '', 'type': None, 'bot': {'id': '1375060873558884442', 'username': 'VSCodeDcordPy', 'avatar': None, 'discriminator': '4045', 'public_flags': 0, 'flags': 0, 'bot': True, 'banner': None, 'accent_color': None, 'global_name': None, 'avatar_decoration_data': None, 'collectibles': None, 'banner_color': None, 'clan': None, 'primary_guild': None}, 'summary': '', 'is_monetized': False, 'is_verified': False, 'is_discoverable': False, 'bot_public': True, 'bot_require_code_grant': False, 'install_params': {'scopes': ['applications.commands'], 'permissions': '0'}, 'integration_types_config': {'0': {'oauth2_install_params': {'scopes': ['applications.commands'], 'permissions': '0'}}}, 'verify_key': '898a64d3e80774d7c32de939720b84822a932728cf235fe73bd04c7576e0c46c', 'flags': 565248, 'hook': True, 'storefront_available': False, 'redirect_uris': [], 'interactions_endpoint_url': None, 'role_connections_verification_url': None, 'owner': {'id': '1229758229417033761', 'username': 'the_weird_cat.guy', 'avatar': 'bbdee78c709c50e33af6a592926cc428', 'discriminator': '0', 'public_flags': 64, 'flags': 64, 'banner': None, 'accent_color': 2338118, 'global_name': 'The weird cat-guy', 'avatar_decoration_data': {'asset': 'a_44d96dca4f514777925f23d841f36fac', 'sku_id': '1349486948942745695', 'expires_at': None}, 'collectibles': None, 'banner_color': '#23ad46', 'clan': {'identity_guild_id': '1369544147593199656', 'identity_enabled': True, 'tag': 'nyan', 'badge': 'ec60c5e6d1f14d3bbff586e2e0b9e54e'}, 'primary_guild': {'identity_guild_id': '1369544147593199656', 'identity_enabled': True, 'tag': 'nyan', 'badge': 'ec60c5e6d1f14d3bbff586e2e0b9e54e'}}, 'approximate_guild_count': 1, 'approximate_user_install_count': 0, 'interactions_event_types': [], 'interactions_version': 1, 'explicit_content_filter': 0, 'rpc_application_state': 0, 'store_application_state': 1, 'verification_state': 1, 'integration_public': True, 'integration_require_code_grant': False, 'discoverability_state': 1, 'discovery_eligibility_flags': 2272, 'monetization_state': 1, 'verification_eligibility_flags': 123804, 'monetization_eligibility_flags': 247524, 'team': None, 'internal_guild_restriction': 2, 'approved_consoles': []}
[2025-05-22 19:53:13] [DEBUG   ] discord.http: PUT https://discord.com/api/v10/applications/1375060873558884442/guilds/1375062392433545236/commands with [{"name":"prefix","description":"Returns the bot prefix.","type":1,"options":[],"nsfw":false,"dm_permission":true,"default_member_permissions":null,"contexts":null,"integration_types":null},{"name":"howmanycookies","description":"Returns how many cookies does a user have.","type":1,"options":[{"type":6,"name":"member","description":"The member you want to get the cookies of","required":true}],"nsfw":false,"dm_permission":true,"default_member_permissions":null,"contexts":null,"integration_types":null},{"name":"click","description":"CLICK THE COOKIE","type":1,"options":[],"nsfw":false,"dm_permission":true,"default_member_permissions":null,"contexts":null,"integration_types":null}] has returned 200
[2025-05-22 19:53:13] [DEBUG   ] discord.http: PUT /applications/{application_id}/guilds/{guild_id}/commands has found its initial rate limit bucket hash (3e32a240d3716487d7d8f6dae6c54f6b).
[2025-05-22 19:53:13] [DEBUG   ] discord.http: PUT https://discord.com/api/v10/applications/1375060873558884442/guilds/1375062392433545236/commands has received [{'id': '1375122935592779836', 'application_id': '1375060873558884442', 'version': '1375122935592779837', 'default_member_permissions': None, 'type': 1, 'name': 'prefix', 'name_localizations': None, 'description': 'Returns the bot prefix.', 'description_localizations': None, 'guild_id': '1375062392433545236', 'nsfw': False}, {'id': '1375132924415971378', 'application_id': '1375060873558884442', 'version': '1375140361995026553', 'default_member_permissions': None, 'type': 1, 'name': 'howmanycookies', 'name_localizations': None, 'description': 'Returns how many cookies does a user have.', 'description_localizations': None, 'guild_id': '1375062392433545236', 'options': [{'type': 6, 'name': 'member', 'name_localizations': None, 'description': 'The member you want to get the cookies of', 'description_localizations': None, 'required': True}], 'nsfw': False}, {'id': '1375156825925750996', 'application_id': '1375060873558884442', 'version': '1375156825925750997', 'default_member_permissions': None, 'type': 1, 'name': 'click', 'name_localizations': None, 'description': 'CLICK THE COOKIE', 'description_localizations': None, 'guild_id': '1375062392433545236', 'nsfw': False}]
[2025-05-22 19:53:13] [DEBUG   ] discord.gateway: Created websocket connected to wss://gateway.discord.gg/
[2025-05-22 19:53:13] [DEBUG   ] discord.gateway: For Shard ID None: WebSocket Event: {'t': None, 's': None, 'op': 10, 'd': {'heartbeat_interval': 41250, '_trace': ['["gateway-prd-us-east1-c-2vcn",{"micros":0.0}]']}}
[2025-05-22 19:53:13] [DEBUG   ] discord.gateway: Shard ID None has sent the IDENTIFY payload.
[2025-05-22 19:53:13] [DEBUG   ] discord.gateway: For Shard ID None: WebSocket Event: {'t': None, 's': None, 'op': 11, 'd': None}
[2025-05-22 19:53:14] [DEBUG   ] discord.gateway: For Shard ID None: WebSocket Event: {'t': 'READY', 's': 1, 'op': 0, 'd': {'v': 10, 'user_settings': {}, 'user': {'verified': True, 'username': 'VSCodeDcordPy', 'primary_guild': None, 'mfa_enabled': True, 'id': '1375060873558884442', 'global_name': None, 'flags': 0, 'email': None, 'discriminator': '4045', 'clan': None, 'bot': True, 'avatar': None}, 'session_type': 'normal', 'session_id': 'ed9734569e347a77d51edb4beefe82d3', 'resume_gateway_url': 'wss://gateway-us-east1-c.discord.gg', 'relationships': [], 'private_channels': [], 'presences': [], 'guilds': [{'unavailable': True, 'id': '1375062392433545236'}], 'guild_join_requests': [], 'geo_ordered_rtc_regions': ['warsaw', 'frankfurt', 'frankfurt-two', 'milan', 'bucharest'], 'game_relationships': [], 'auth': {}, 'application': {'id': '1375060873558884442', 'flags': 565248}, '_trace': ['["gateway-prd-us-east1-c-2vcn",{"micros":296567,"calls":["id_created",{"micros":366,"calls":[]},"session_lookup_time",{"micros":341,"calls":[]},"session_lookup_finished",{"micros":17,"calls":[]},"discord-sessions-prd-2-107",{"micros":295446,"calls":["start_session",{"micros":280467,"calls":["discord-api-rpc-744bb46f64-7m7jf",{"micros":206474,"calls":["get_user",{"micros":17985},"get_guilds",{"micros":26192},"send_scheduled_deletion_message",{"micros":4},"guild_join_requests",{"micros":0},"authorized_ip_coro",{"micros":5},"pending_payments",{"micros":29335},"apex_user_experiments",{"micros":2},"user_activities",{"micros":1}]}]},"starting_guild_connect",{"micros":83,"calls":[]},"presence_started",{"micros":5265,"calls":[]},"guilds_started",{"micros":70,"calls":[]},"lobbies_started",{"micros":1,"calls":[]},"guilds_connect",{"micros":1,"calls":[]},"presence_connect",{"micros":9542,"calls":[]},"connect_finished",{"micros":9546,"calls":[]},"build_ready",{"micros":12,"calls":[]},"clean_ready",{"micros":0,"calls":[]},"optimize_ready",{"micros":1,"calls":[]},"split_ready",{"micros":0,"calls":[]}]}]}]']}}
[2025-05-22 19:53:14] [DEBUG   ] discord.client: Dispatching event socket_event_type
[2025-05-22 19:53:14] [INFO    ] discord.gateway: Shard ID None has connected to Gateway (Session ID: ed9734569e347a77d51edb4beefe82d3).
[2025-05-22 19:53:14] [DEBUG   ] discord.client: Dispatching event connect
[2025-05-22 19:53:14] [DEBUG   ] discord.gateway: For Shard ID None: WebSocket Event: {'t': 'GUILD_CREATE', 's': 2, 'op': 0, 'd': {'premium_features': None, 'nsfw': False, 'safety_alerts_channel_id': None, 'embedded_activities': [], 'profile': None, 'voice_states': [], 'application_id': None, 'icon': '21a14d0b44a4ba019c72372f9f9315cd', 'owner_id': '1229758229417033761', 'explicit_content_filter': 0, 'region': 'deprecated', 'id': '1375062392433545236', 'roles': [{'version': 1747910821833, 'unicode_emoji': None, 'tags': {}, 'position': 0, 'permissions': '2248473465835073', 'name': '@everyone', 'mentionable': False, 'managed': False, 'id': '1375062392433545236', 'icon': None, 'hoist': False, 'flags': 0, 'colors': {'tertiary_color': None, 'secondary_color': None, 'primary_color': 0}, 'color': 0}, {'version': 1747921720305, 'unicode_emoji': None, 'tags': {'bot_id': '1375060873558884442'}, 'position': 1, 'permissions': '8', 'name': 'VSCodeDcordPy', 'mentionable': False, 'managed': True, 'id': '1375062457294520465', 'icon': None, 'hoist': False, 'flags': 0, 'colors': {'tertiary_color': None, 'secondary_color': None, 'primary_color': 0}, 'color': 0}, {'version': 1747921720307, 'unicode_emoji': None, 'tags': {}, 'position': 2, 'permissions': '8', 'name': 'Administration', 'mentionable': False, 'managed': False, 'id': '1375107922677202984', 'icon': None, 'hoist': False, 'flags': 0, 'colors': {'tertiary_color': None, 'secondary_color': None, 'primary_color': 15277667}, 'color': 15277667}], 'name': 'Discord.py VSCode test', 'splash': None, 'hub_type': None, 'members': [{'user': {'username': 'VSCodeDcordPy', 'public_flags': 0, 'primary_guild': None, 'id': '1375060873558884442', 'global_name': None, 'display_name': None, 'discriminator': '4045', 'collectibles': None, 'clan': None, 'bot': True, 'avatar_decoration_data': None, 'avatar': None}, 'roles': ['1375107922677202984', '1375062457294520465'], 'premium_since': None, 'pending': False, 'nick': None, 'mute': False, 'joined_at': '2025-05-22T10:47:17.372000+00:00', 'flags': 0, 'deaf': False, 'communication_disabled_until': None, 'banner': None, 'avatar': None}], 'nsfw_level': 0, 'verification_level': 0, 'large': False, 'threads': [], 'moderator_reporting': None, 'premium_progress_bar_enabled': False, 'vanity_url_code': None, 'max_stage_video_channel_users': 50, 'latest_onboarding_question_id': None, 'presences': [], 'system_channel_id': '1375062392433545242', 'discovery_splash': None, 'joined_at': '2025-05-22T10:47:17.372000+00:00', 'description': None, 'rules_channel_id': None, 'afk_timeout': 300, 'channels': [{'version': 1747910821835, 'type': 4, 'position': 0, 'permission_overwrites': [], 'name': 'Text Channels', 'id': '1375062392433545239', 'flags': 0}, {'version': 1747910821840, 'type': 4, 'position': 0, 'permission_overwrites': [], 'name': 'Voice Channels', 'id': '1375062392433545240', 'flags': 0}, {'version': 1747910821860, 'type': 0, 'topic': None, 'rate_limit_per_user': 0, 'position': 0, 'permission_overwrites': [], 'parent_id': '1375062392433545239', 'name': 'general', 'last_message_id': '1375163422953443358', 'id': '1375062392433545242', 'icon_emoji': {'name': '👋', 'id': None}, 'flags': 0}, {'version': 1747910821868, 'user_limit': 0, 'type': 2, 'status': None, 'rtc_region': None, 'rate_limit_per_user': 0, 'position': 0, 'permission_overwrites': [], 'parent_id': '1375062392433545240', 'name': 'General', 'last_message_id': None, 'id': '1375062392433545243', 'icon_emoji': {'name': '🎙', 'id': None}, 'flags': 0, 'bitrate': 64000}, {'version': 1747921618998, 'type': 4, 'position': 1, 'permission_overwrites': [{'type': 0, 'id': '1375062392433545236', 'deny': '1024', 'allow': '0'}, {'type': 1, 'id': '1229758229417033761', 'deny': '0', 'allow': '0'}], 'parent_id': None, 'name': 'Admin', 'id': '1375107567398686750', 'flags': 0}, {'version': 1747921736740, 'type': 0, 'topic': None, 'rate_limit_per_user': 0, 'position': 1, 'permission_overwrites': [{'type': 0, 'id': '1375107922677202984', 'deny': '0', 'allow': '1024'}, {'type': 0, 'id': '1375062392433545236', 'deny': '1024', 'allow': '0'}, {'type': 1, 'id': '1229758229417033761', 'deny': '0', 'allow': '0'}], 'parent_id': '1375107567398686750', 'nsfw': False, 'name': 'logs', 'last_message_id': '1375108380540141591', 'id': '1375107583685427270', 'flags': 0}, {'version': 1747921973215, 'type': 0, 'topic': None, 'rate_limit_per_user': 0, 'position': 2, 'permission_overwrites': [], 'parent_id': '1375062392433545239', 'nsfw': False, 'name': 'cookie-clicker', 'last_message_id': '1375169485182603275', 'id': '1375109164937773106', 'flags': 0}], 'afk_channel_id': None, 'max_video_channel_users': 25, 'preferred_locale': 'en-US', 'unavailable': False, 'application_command_counts': {}, 'incidents_data': None, 'system_channel_flags': 0, 'mfa_level': 0, 'emojis': [], 'lazy': True, 'features': [], 'member_count': 4, 'home_header': None, 'soundboard_sounds': [], 'stage_instances': [], 'inventory_settings': None, 'activity_instances': [], 'default_message_notifications': 0, 'premium_subscription_count': 0, 'banner': None, 'guild_scheduled_events': [], 'version': 1747911336130, 'premium_tier': 0, 'stickers': [], 'max_members': 500000, 'public_updates_channel_id': None}}
[2025-05-22 19:53:14] [DEBUG   ] discord.client: Dispatching event socket_event_type
[2025-05-22 19:53:14] [DEBUG   ] discord.client: Dispatching event guild_available
[2025-05-22 19:53:16] [DEBUG   ] discord.client: Dispatching event ready
[2025-05-22 19:53:17] [DEBUG   ] discord.gateway: For Shard ID None: WebSocket Event: {'t': 'MESSAGE_CREATE', 's': 3, 'op': 0, 'd': {'type': 0, 'tts': False, 'timestamp': '2025-05-22T17:53:19.802000+00:00', 'pinned': False, 'nonce': '1375169662999855104', 'mentions': [], 'mention_roles': [], 'mention_everyone': False, 'member': {'roles': ['1375107922677202984'], 'premium_since': None, 'pending': False, 'nick': None, 'mute': False, 'joined_at': '2025-05-22T10:47:01.792000+00:00', 'flags': 0, 'deaf': False, 'communication_disabled_until': None, 'banner': None, 'avatar': None}, 'id': '1375169674433531997', 'flags': 0, 'embeds': [], 'edited_timestamp': None, 'content': 'nekecej', 'components': [], 'channel_type': 0, 'channel_id': '1375109164937773106', 'author': {'username': 'the_weird_cat.guy', 'public_flags': 64, 'primary_guild': {'tag': 'nyan', 'identity_guild_id': '1369544147593199656', 'identity_enabled': True, 'badge': 'ec60c5e6d1f14d3bbff586e2e0b9e54e'}, 'id': '1229758229417033761', 'global_name': 'The weird cat-guy', 'discriminator': '0', 'collectibles': None, 'clan': {'tag': 'nyan', 'identity_guild_id': '1369544147593199656', 'identity_enabled': True, 'badge': 'ec60c5e6d1f14d3bbff586e2e0b9e54e'}, 'avatar_decoration_data': {'sku_id': '1349486948942745695', 'expires_at': None, 'asset': 'a_44d96dca4f514777925f23d841f36fac'}, 'avatar': 'bbdee78c709c50e33af6a592926cc428'}, 'attachments': [], 'guild_id': '1375062392433545236'}}
[2025-05-22 19:53:17] [DEBUG   ] discord.client: Dispatching event socket_event_type
[2025-05-22 19:53:17] [DEBUG   ] discord.client: Dispatching event message
[2025-05-22 19:53:19] [DEBUG   ] discord.gateway: For Shard ID None: WebSocket Event: {'t': 'INTERACTION_CREATE', 's': 4, 'op': 0, 'd': {'version': 1, 'type': 2, 'token': 'aW50ZXJhY3Rpb246MTM3NTE2OTY4NDM4NjYxNTM3Nzp4VUtOamt0aTBiWVdJMzN6dlRDUXh4YUN3bzBLTVJJWDNRYzlGM0JJVTFIWlA5U0ZLc2ZzdjdlOUtWdERvdlJtb2poanB1MWh4YlZrZ1Q0czYycXhWSFJCYXlaSWp6Zk8yRk5NOUpxUVRSbm96ZHh0YWtkU1RycnNvY1puMHBHYg', 'member': {'user': {'username': 'the_weird_cat.guy', 'public_flags': 64, 'primary_guild': {'tag': 'nyan', 'identity_guild_id': '1369544147593199656', 'identity_enabled': True, 'badge': 'ec60c5e6d1f14d3bbff586e2e0b9e54e'}, 'id': '1229758229417033761', 'global_name': 'The weird cat-guy', 'discriminator': '0', 'collectibles': None, 'clan': {'tag': 'nyan', 'identity_guild_id': '1369544147593199656', 'identity_enabled': True, 'badge': 'ec60c5e6d1f14d3bbff586e2e0b9e54e'}, 'avatar_decoration_data': {'sku_id': '1349486948942745695', 'expires_at': None, 'asset': 'a_44d96dca4f514777925f23d841f36fac'}, 'avatar': 'bbdee78c709c50e33af6a592926cc428'}, 'unusual_dm_activity_until': None, 'roles': ['1375107922677202984'], 'premium_since': None, 'permissions': '2251799813685247', 'pending': False, 'nick': None, 'mute': False, 'joined_at': '2025-05-22T10:47:01.792000+00:00', 'flags': 0, 'deaf': False, 'communication_disabled_until': None, 'banner': None, 'avatar': None}, 'locale': 'en-US', 'id': '1375169684386615377', 'guild_locale': 'en-US', 'guild_id': '1375062392433545236', 'guild': {'locale': 'en-US', 'id': '1375062392433545236', 'features': []}, 'entitlements': [], 'entitlement_sku_ids': [], 'data': {'type': 1, 'name': 'click', 'id': '1375156825925750996', 'guild_id': '1375062392433545236'}, 'context': 0, 'channel_id': '1375109164937773106', 'channel': {'type': 0, 'topic': None, 'rate_limit_per_user': 0, 'position': 2, 'permissions': '2251799813685247', 'parent_id': '1375062392433545239', 'nsfw': False, 'name': 'cookie-clicker', 'last_message_id': '1375169674433531997', 'id': '1375109164937773106', 'guild_id': '1375062392433545236', 'flags': 0}, 'authorizing_integration_owners': {'0': '1375062392433545236'}, 'attachment_size_limit': 10485760, 'application_id': '1375060873558884442', 'app_permissions': '2251799813685247'}}
[2025-05-22 19:53:19] [DEBUG   ] discord.client: Dispatching event socket_event_type
[2025-05-22 19:53:19] [DEBUG   ] discord.client: Dispatching event interaction
[2025-05-22 19:53:19] [ERROR   ] discord.app_commands.tree: Ignoring exception in command 'click'
Traceback (most recent call last):
  File "c:\Users\Veronika\Desktop\DiscordPy\.venv\Lib\site-packages\discord\app_commands\commands.py", line 858, in _do_call
    return await self._callback(interaction, **params)  # type: ignore
           ^^^^^^^^^^^^^^^^^^^^^^^^^^^^^^^^^^^^^^^^^^^
  File "c:\Users\Veronika\Desktop\DiscordPy\CookieBot.py", line 117, in clickTheCookie
    clickCookie(Interaction.user)
  File "c:\Users\Veronika\Desktop\DiscordPy\CookieBot.py", line 67, in clickCookie
    CookiesPerClick = f['upgrades']['MoreCookiesPerClick']
                      ~^^^^^^^^^^^^
TypeError: '_io.TextIOWrapper' object is not subscriptable

The above exception was the direct cause of the following exception:

Traceback (most recent call last):
  File "c:\Users\Veronika\Desktop\DiscordPy\.venv\Lib\site-packages\discord\app_commands\tree.py", line 1310, in _call
    await command._invoke_with_namespace(interaction, namespace)
  File "c:\Users\Veronika\Desktop\DiscordPy\.venv\Lib\site-packages\discord\app_commands\commands.py", line 883, in _invoke_with_namespace
    return await self._do_call(interaction, transformed_values)
           ^^^^^^^^^^^^^^^^^^^^^^^^^^^^^^^^^^^^^^^^^^^^^^^^^^^^
  File "c:\Users\Veronika\Desktop\DiscordPy\.venv\Lib\site-packages\discord\app_commands\commands.py", line 872, in _do_call
    raise CommandInvokeError(self, e) from e
discord.app_commands.errors.CommandInvokeError: Command 'click' raised an exception: TypeError: '_io.TextIOWrapper' object is not subscriptable
[2025-05-22 19:53:36] [DEBUG   ] discord.gateway: For Shard ID None: WebSocket Event: {'t': 'MESSAGE_CREATE', 's': 5, 'op': 0, 'd': {'type': 0, 'tts': False, 'timestamp': '2025-05-22T17:53:38.625000+00:00', 'pinned': False, 'nonce': '1375169752292392960', 'mentions': [], 'mention_roles': [], 'mention_everyone': False, 'member': {'roles': [], 'premium_since': None, 'pending': False, 'nick': None, 'mute': False, 'joined_at': '2025-05-22T17:27:05.243000+00:00', 'flags': 0, 'deaf': False, 'communication_disabled_until': '2025-05-22T17:49:29.111000+00:00', 'banner': None, 'avatar': None}, 'id': '1375169753383174254', 'flags': 0, 'embeds': [], 'edited_timestamp': None, 'content': 'import logging\nimport discord\nimport os\nfrom dotenv import load_dotenv\nfrom discord import app_commands\n\nload_dotenv()\nhandler = logging.FileHandler(filename=\'discord.log\', encoding=\'utf-8\', mode=\'w\')\ntoken = os.getenv(\'BOT_TOKEN\')\n\nMY_GUILD = discord.Object(id=1375062392433545236)\n\nintents = discord.Intents.default()\nintents.message_content = True\n\ncookie_counts = {}\n\nclass MyClient(discord.Client):\n    def __init__(self, *, intents: discord.Intents):\n        super().__init__(intents=intents)\n        self.tree = app_commands.CommandTree(self)\n\n    async def setup_hook(self):\n        self.tree.copy_global_to(guild=MY_GUILD)\n        await self.tree.sync(guild=MY_GUILD)\n\nclient = MyClient(intents=intents)\n\n@client.event\nasync def on_ready():\n    print(f\'Logged in as {client.user}\')\n\n@client.tree.command(name=\'click\')\nasync def cookie_click(interaction: discord.Interaction):\n    user = interaction.user\n    cookie_counts[user.id] = cookie_counts.get(user.id, 0) + 1\n    await interaction.response.send_message(f"{user.display_name} has {cookie_counts[user.id]} cookies")\n\n@client.tree.command(name=\'cookies\')\nasync def check_cookies(interaction: discord.Interaction):\n    user = interaction.user\n    count = cookie_counts.get(user.id, 0)\n    await interaction.response.send_message(f"{user.display_name} has {count} cookies")\n\nclient.run(token=token, log_handler=handler, log_level=logging.DEBUG)', 'components': [], 'channel_type': 0, 'channel_id': '1375109164937773106', 'author': {'username': 'fraktor564', 'public_flags': 128, 'primary_guild': None, 'id': '614057974264102912', 'global_name': 'fraktor564', 'discriminator': '0', 'collectibles': None, 'clan': None, 'avatar_decoration_data': {'sku_id': '1349486948942745695', 'expires_at': None, 'asset': 'a_44d96dca4f514777925f23d841f36fac'}, 'avatar': 'a_0e7d8946c18dfb6e99edafcba0c95f60'}, 'attachments': [], 'guild_id': '1375062392433545236'}}
[2025-05-22 19:53:36] [DEBUG   ] discord.client: Dispatching event socket_event_type
[2025-05-22 19:53:36] [DEBUG   ] discord.client: Dispatching event message
[2025-05-22 19:53:38] [DEBUG   ] discord.gateway: For Shard ID None: WebSocket Event: {'t': 'TYPING_START', 's': 6, 'op': 0, 'd': {'user_id': '614057974264102912', 'timestamp': 1747936421, 'member': {'user': {'username': 'fraktor564', 'public_flags': 128, 'primary_guild': None, 'id': '614057974264102912', 'global_name': 'fraktor564', 'display_name': 'fraktor564', 'discriminator': '0', 'collectibles': None, 'clan': None, 'bot': False, 'avatar_decoration_data': {'sku_id': '1349486948942745695', 'expires_at': None, 'asset': 'a_44d96dca4f514777925f23d841f36fac'}, 'avatar': 'a_0e7d8946c18dfb6e99edafcba0c95f60'}, 'roles': [], 'premium_since': None, 'pending': False, 'nick': None, 'mute': False, 'joined_at': '2025-05-22T17:27:05.243000+00:00', 'flags': 0, 'deaf': False, 'communication_disabled_until': '2025-05-22T17:49:29.111000+00:00', 'banner': None, 'avatar': None}, 'channel_id': '1375109164937773106', 'guild_id': '1375062392433545236'}}
[2025-05-22 19:53:38] [DEBUG   ] discord.client: Dispatching event socket_event_type
[2025-05-22 19:53:38] [DEBUG   ] discord.client: Dispatching event typing
[2025-05-22 19:53:38] [DEBUG   ] discord.client: Dispatching event raw_typing
[2025-05-22 19:53:38] [DEBUG   ] discord.gateway: For Shard ID None: WebSocket Event: {'t': 'MESSAGE_CREATE', 's': 7, 'op': 0, 'd': {'type': 0, 'tts': False, 'timestamp': '2025-05-22T17:53:41.412000+00:00', 'pinned': False, 'nonce': '1375169764262936576', 'mentions': [], 'mention_roles': [], 'mention_everyone': False, 'member': {'roles': [], 'premium_since': None, 'pending': False, 'nick': None, 'mute': False, 'joined_at': '2025-05-22T17:27:05.243000+00:00', 'flags': 0, 'deaf': False, 'communication_disabled_until': '2025-05-22T17:49:29.111000+00:00', 'banner': None, 'avatar': None}, 'id': '1375169765072699492', 'flags': 0, 'embeds': [], 'edited_timestamp': None, 'content': 'dej tam toto', 'components': [], 'channel_type': 0, 'channel_id': '1375109164937773106', 'author': {'username': 'fraktor564', 'public_flags': 128, 'primary_guild': None, 'id': '614057974264102912', 'global_name': 'fraktor564', 'discriminator': '0', 'collectibles': None, 'clan': None, 'avatar_decoration_data': {'sku_id': '1349486948942745695', 'expires_at': None, 'asset': 'a_44d96dca4f514777925f23d841f36fac'}, 'avatar': 'a_0e7d8946c18dfb6e99edafcba0c95f60'}, 'attachments': [], 'guild_id': '1375062392433545236'}}
[2025-05-22 19:53:38] [DEBUG   ] discord.client: Dispatching event socket_event_type
[2025-05-22 19:53:38] [DEBUG   ] discord.client: Dispatching event message
[2025-05-22 19:53:42] [DEBUG   ] discord.gateway: For Shard ID None: WebSocket Event: {'t': 'GUILD_AUDIT_LOG_ENTRY_CREATE', 's': 8, 'op': 0, 'd': {'user_id': '1229758229417033761', 'target_id': '614057974264102912', 'id': '1375169780818116648', 'action_type': 20, 'guild_id': '1375062392433545236'}}
[2025-05-22 19:53:42] [DEBUG   ] discord.client: Dispatching event socket_event_type
[2025-05-22 19:53:42] [DEBUG   ] discord.client: Dispatching event audit_log_entry_create
[2025-05-22 19:53:46] [DEBUG   ] discord.gateway: For Shard ID None: WebSocket Event: {'t': 'MESSAGE_DELETE', 's': 9, 'op': 0, 'd': {'id': '1375169753383174254', 'channel_id': '1375109164937773106', 'guild_id': '1375062392433545236'}}
[2025-05-22 19:53:46] [DEBUG   ] discord.client: Dispatching event socket_event_type
[2025-05-22 19:53:46] [DEBUG   ] discord.client: Dispatching event raw_message_delete
[2025-05-22 19:53:46] [DEBUG   ] discord.client: Dispatching event message_delete
[2025-05-22 19:53:46] [DEBUG   ] discord.gateway: For Shard ID None: WebSocket Event: {'t': 'GUILD_AUDIT_LOG_ENTRY_CREATE', 's': 10, 'op': 0, 'd': {'user_id': '1229758229417033761', 'target_id': '614057974264102912', 'options': {'count': '1', 'channel_id': '1375109164937773106'}, 'id': '1375169794822635581', 'action_type': 72, 'guild_id': '1375062392433545236'}}
[2025-05-22 19:53:46] [DEBUG   ] discord.client: Dispatching event socket_event_type
[2025-05-22 19:53:46] [DEBUG   ] discord.client: Dispatching event audit_log_entry_create
[2025-05-22 19:53:54] [DEBUG   ] discord.gateway: Keeping shard ID None websocket alive with sequence 10.
[2025-05-22 19:53:54] [DEBUG   ] discord.gateway: For Shard ID None: WebSocket Event: {'t': None, 's': None, 'op': 11, 'd': None}
